The system is: Windows - 10.0.19042 - AMD64
Compiling the CXX compiler identification source file "CMakeCXXCompilerId.cpp" succeeded.
Compiler: Z:/XC/VC/Tools/MSVC/14.29.30133/bin/Hostx64/x64/cl.exe 
Build flags: 
Id flags:  

The output was:
0
Microsoft (R) C/C++ Optimizing Compiler Version 19.29.30133 for x64
Copyright (C) Microsoft Corporation.  All rights reserved.

CMakeCXXCompilerId.cpp
Microsoft (R) Incremental Linker Version 14.29.30133.0
Copyright (C) Microsoft Corporation.  All rights reserved.

/out:CMakeCXXCompilerId.exe 
CMakeCXXCompilerId.obj 


Compilation of the CXX compiler identification source "CMakeCXXCompilerId.cpp" produced "CMakeCXXCompilerId.exe"

Compilation of the CXX compiler identification source "CMakeCXXCompilerId.cpp" produced "CMakeCXXCompilerId.obj"

The CXX compiler identification is MSVC, found in "C:/Users/Kenny/Desktop/ReCraftReborn/build/CMakeFiles/3.18.1/CompilerIdCXX/CMakeCXXCompilerId.exe"

Compiling the C compiler identification source file "CMakeCCompilerId.c" succeeded.
Compiler: Z:/XC/VC/Tools/MSVC/14.29.30133/bin/Hostx64/x64/cl.exe 
Build flags: 
Id flags:  

The output was:
0
Microsoft (R) C/C++ Optimizing Compiler Version 19.29.30133 for x64
Copyright (C) Microsoft Corporation.  All rights reserved.

CMakeCCompilerId.c
Microsoft (R) Incremental Linker Version 14.29.30133.0
Copyright (C) Microsoft Corporation.  All rights reserved.

/out:CMakeCCompilerId.exe 
CMakeCCompilerId.obj 


Compilation of the C compiler identification source "CMakeCCompilerId.c" produced "CMakeCCompilerId.exe"

Compilation of the C compiler identification source "CMakeCCompilerId.c" produced "CMakeCCompilerId.obj"

The C compiler identification is MSVC, found in "C:/Users/Kenny/Desktop/ReCraftReborn/build/CMakeFiles/3.18.1/CompilerIdC/CMakeCCompilerId.exe"

Detecting CXX compiler ABI info compiled with the following output:
Change Dir: C:/Users/Kenny/Desktop/ReCraftReborn/build/CMakeFiles/CMakeTmp

Run Build Command(s):nmake /nologo cmTC_d3648\fast && 	Z:\XC\VC\Tools\MSVC\14.29.30133\bin\HostX64\x64\nmake.exe  -f CMakeFiles\cmTC_d3648.dir\build.make /nologo -L                  CMakeFiles\cmTC_d3648.dir\build
Building CXX object CMakeFiles/cmTC_d3648.dir/CMakeCXXCompilerABI.cpp.obj
	Z:\XC\VC\Tools\MSVC\14.29.30133\bin\Hostx64\x64\cl.exe @C:\Users\Kenny\AppData\Local\Temp\nm8089.tmp
CMakeCXXCompilerABI.cpp
Linking CXX executable cmTC_d3648.exe
	"C:\Program Files\CMake\bin\cmake.exe" -E vs_link_exe --intdir=CMakeFiles\cmTC_d3648.dir --rc=C:\PROGRA~2\WI3CF2~1\10\bin\100190~1.0\x64\rc.exe --mt=C:\PROGRA~2\WI3CF2~1\10\bin\100190~1.0\x64\mt.exe --manifests -- Z:\XC\VC\Tools\MSVC\14.29.30133\bin\Hostx64\x64\link.exe /nologo @CMakeFiles\cmTC_d3648.dir\objects1.rsp @C:\Users\Kenny\AppData\Local\Temp\nm81F1.tmp



Detecting C compiler ABI info compiled with the following output:
Change Dir: C:/Users/Kenny/Desktop/ReCraftReborn/build/CMakeFiles/CMakeTmp

Run Build Command(s):nmake /nologo cmTC_5cc4b\fast && 	Z:\XC\VC\Tools\MSVC\14.29.30133\bin\HostX64\x64\nmake.exe  -f CMakeFiles\cmTC_5cc4b.dir\build.make /nologo -L                  CMakeFiles\cmTC_5cc4b.dir\build
Building C object CMakeFiles/cmTC_5cc4b.dir/CMakeCCompilerABI.c.obj
	Z:\XC\VC\Tools\MSVC\14.29.30133\bin\Hostx64\x64\cl.exe @C:\Users\Kenny\AppData\Local\Temp\nm877E.tmp
CMakeCCompilerABI.c
Linking C executable cmTC_5cc4b.exe
	"C:\Program Files\CMake\bin\cmake.exe" -E vs_link_exe --intdir=CMakeFiles\cmTC_5cc4b.dir --rc=C:\PROGRA~2\WI3CF2~1\10\bin\100190~1.0\x64\rc.exe --mt=C:\PROGRA~2\WI3CF2~1\10\bin\100190~1.0\x64\mt.exe --manifests -- Z:\XC\VC\Tools\MSVC\14.29.30133\bin\Hostx64\x64\link.exe /nologo @CMakeFiles\cmTC_5cc4b.dir\objects1.rsp @C:\Users\Kenny\AppData\Local\Temp\nm87FC.tmp



